100
100
0.398107170553497
63.0957344480193
0.398107170553497
10
0.251188643150958
1.58489319246111
15.8489319246111
1
0.630957344480193
63.0957344480193
1.58489319246111
6.30957344480193
10
15.8489319246111
1
0.398107170553497
15.8489319246111
6.30957344480193
25.1188643150958
6.30957344480193
6.30957344480193
39.8107170553498
0.398107170553497
3.98107170553497
10
2.51188643150958
10
6.30957344480193
63.0957344480193
0.398107170553497
0.630957344480193
63.0957344480193
0.158489319246111
15.8489319246111
2.51188643150958
1
25.1188643150958
100
10
39.8107170553498
2.51188643150958
6.30957344480193
6.30957344480193
10
2.51188643150958
15.8489319246111
25.1188643150958
1
