25.1188643150958
25.1188643150958
25.1188643150958
25.1188643150958
25.1188643150958
25.1188643150958
25.1188643150958
25.1188643150958
25.1188643150958
25.1188643150958
25.1188643150958
25.1188643150958
25.1188643150958
25.1188643150958
25.1188643150958
25.1188643150958
25.1188643150958
25.1188643150958
25.1188643150958
25.1188643150958
25.1188643150958
25.1188643150958
25.1188643150958
25.1188643150958
25.1188643150958
25.1188643150958
25.1188643150958
25.1188643150958
25.1188643150958
25.1188643150958
25.1188643150958
25.1188643150958
25.1188643150958
25.1188643150958
25.1188643150958
25.1188643150958
25.1188643150958
25.1188643150958
25.1188643150958
25.1188643150958
25.1188643150958
25.1188643150958
25.1188643150958
25.1188643150958
25.1188643150958
25.1188643150958
25.1188643150958
25.1188643150958
25.1188643150958
25.1188643150958
