6.30957344480193
2.51188643150958
0.398107170553497
3.98107170553497
63.0957344480193
25.1188643150958
100
6.30957344480193
63.0957344480193
63.0957344480193
0.398107170553497
63.0957344480193
39.8107170553498
2.51188643150958
0.398107170553497
2.51188643150958
1.58489319246111
10
100
1
1
3.98107170553497
0.398107170553497
10
0.251188643150958
10
25.1188643150958
0.251188643150958
10
1.58489319246111
100
25.1188643150958
0.630957344480193
63.0957344480193
0.158489319246111
63.0957344480193
63.0957344480193
1.58489319246111
0.398107170553497
3.98107170553497
63.0957344480193
0.398107170553497
63.0957344480193
100
3.98107170553497
0.158489319246111
2.51188643150958
15.8489319246111
2.51188643150958
39.8107170553498
