0.158489319246111
0.158489319246111
0.158489319246111
0.158489319246111
0.158489319246111
0.158489319246111
0.158489319246111
0.158489319246111
0.158489319246111
0.158489319246111
0.158489319246111
0.158489319246111
0.158489319246111
0.158489319246111
0.158489319246111
0.158489319246111
0.158489319246111
0.158489319246111
0.158489319246111
0.158489319246111
0.158489319246111
0.158489319246111
0.158489319246111
0.158489319246111
0.158489319246111
0.158489319246111
0.158489319246111
0.158489319246111
0.158489319246111
0.158489319246111
0.158489319246111
0.158489319246111
0.158489319246111
0.158489319246111
0.158489319246111
0.158489319246111
0.158489319246111
0.158489319246111
0.158489319246111
0.158489319246111
0.158489319246111
0.158489319246111
0.158489319246111
0.158489319246111
0.158489319246111
0.158489319246111
0.158489319246111
0.158489319246111
0.158489319246111
0.158489319246111
