15.8489319246111
15.8489319246111
15.8489319246111
15.8489319246111
15.8489319246111
15.8489319246111
15.8489319246111
15.8489319246111
15.8489319246111
15.8489319246111
15.8489319246111
15.8489319246111
15.8489319246111
15.8489319246111
15.8489319246111
15.8489319246111
15.8489319246111
15.8489319246111
15.8489319246111
15.8489319246111
15.8489319246111
15.8489319246111
15.8489319246111
15.8489319246111
15.8489319246111
15.8489319246111
15.8489319246111
15.8489319246111
15.8489319246111
15.8489319246111
15.8489319246111
15.8489319246111
15.8489319246111
15.8489319246111
15.8489319246111
15.8489319246111
15.8489319246111
15.8489319246111
15.8489319246111
15.8489319246111
15.8489319246111
15.8489319246111
15.8489319246111
15.8489319246111
15.8489319246111
15.8489319246111
15.8489319246111
15.8489319246111
15.8489319246111
15.8489319246111
