0.251188643150958
0.251188643150958
0.251188643150958
0.251188643150958
0.251188643150958
0.251188643150958
0.251188643150958
0.251188643150958
0.251188643150958
0.251188643150958
0.251188643150958
0.251188643150958
0.251188643150958
0.251188643150958
0.251188643150958
0.251188643150958
0.251188643150958
0.251188643150958
0.251188643150958
0.251188643150958
0.251188643150958
0.251188643150958
0.251188643150958
0.251188643150958
0.251188643150958
0.251188643150958
0.251188643150958
0.251188643150958
0.251188643150958
0.251188643150958
0.251188643150958
0.251188643150958
0.251188643150958
0.251188643150958
0.251188643150958
0.251188643150958
0.251188643150958
0.251188643150958
0.251188643150958
0.251188643150958
0.251188643150958
0.251188643150958
0.251188643150958
0.251188643150958
0.251188643150958
0.251188643150958
0.251188643150958
0.251188643150958
0.251188643150958
0.251188643150958
