1.58489319246111
1.58489319246111
1.58489319246111
1.58489319246111
1.58489319246111
1.58489319246111
1.58489319246111
1.58489319246111
1.58489319246111
1.58489319246111
1.58489319246111
1.58489319246111
1.58489319246111
1.58489319246111
1.58489319246111
1.58489319246111
1.58489319246111
1.58489319246111
1.58489319246111
1.58489319246111
1.58489319246111
1.58489319246111
1.58489319246111
1.58489319246111
1.58489319246111
1.58489319246111
1.58489319246111
1.58489319246111
1.58489319246111
1.58489319246111
1.58489319246111
1.58489319246111
1.58489319246111
1.58489319246111
1.58489319246111
1.58489319246111
1.58489319246111
1.58489319246111
1.58489319246111
1.58489319246111
1.58489319246111
1.58489319246111
1.58489319246111
1.58489319246111
1.58489319246111
1.58489319246111
1.58489319246111
1.58489319246111
1.58489319246111
1.58489319246111
