39.8107170553498
39.8107170553498
39.8107170553498
39.8107170553498
39.8107170553498
39.8107170553498
39.8107170553498
39.8107170553498
39.8107170553498
39.8107170553498
39.8107170553498
39.8107170553498
39.8107170553498
39.8107170553498
39.8107170553498
39.8107170553498
39.8107170553498
39.8107170553498
39.8107170553498
39.8107170553498
39.8107170553498
39.8107170553498
39.8107170553498
39.8107170553498
39.8107170553498
39.8107170553498
39.8107170553498
39.8107170553498
39.8107170553498
39.8107170553498
39.8107170553498
39.8107170553498
39.8107170553498
39.8107170553498
39.8107170553498
39.8107170553498
39.8107170553498
39.8107170553498
39.8107170553498
39.8107170553498
39.8107170553498
39.8107170553498
39.8107170553498
39.8107170553498
39.8107170553498
39.8107170553498
39.8107170553498
39.8107170553498
39.8107170553498
39.8107170553498
