0.398107170553497
0.398107170553497
0.398107170553497
0.398107170553497
0.398107170553497
0.398107170553497
0.398107170553497
0.398107170553497
0.398107170553497
0.398107170553497
0.398107170553497
0.398107170553497
0.398107170553497
0.398107170553497
0.398107170553497
0.398107170553497
0.398107170553497
0.398107170553497
0.398107170553497
0.398107170553497
0.398107170553497
0.398107170553497
0.398107170553497
0.398107170553497
0.398107170553497
0.398107170553497
0.398107170553497
0.398107170553497
0.398107170553497
0.398107170553497
0.398107170553497
0.398107170553497
0.398107170553497
0.398107170553497
0.398107170553497
0.398107170553497
0.398107170553497
0.398107170553497
0.398107170553497
0.398107170553497
0.398107170553497
0.398107170553497
0.398107170553497
0.398107170553497
0.398107170553497
0.398107170553497
0.398107170553497
0.398107170553497
0.398107170553497
0.398107170553497
