0.158489319246111
0.630957344480193
0.251188643150958
2.51188643150958
6.30957344480193
1.58489319246111
6.30957344480193
10
100
39.8107170553497
100
100
39.8107170553497
15.8489319246111
39.8107170553497
63.0957344480193
25.1188643150958
100
15.8489319246111
63.0957344480193
39.8107170553497
15.8489319246111
25.1188643150958
39.8107170553497
39.8107170553497
15.8489319246111
25.1188643150958
15.8489319246111
25.1188643150958
25.1188643150958
25.1188643150958
100
63.0957344480193
63.0957344480193
100
63.0957344480193
15.8489319246111
25.1188643150958
15.8489319246111
25.1188643150958
39.8107170553497
25.1188643150958
39.8107170553497
15.8489319246111
63.0957344480193
25.1188643150958
39.8107170553497
100
100
39.8107170553497
