100
2.51188643150958
10
1.58489319246111
63.0957344480193
100
2.51188643150958
15.8489319246111
10
1
1.58489319246111
3.98107170553497
1
2.51188643150958
15.8489319246111
0.630957344480193
25.1188643150958
63.0957344480193
25.1188643150958
39.8107170553498
0.398107170553497
6.30957344480193
2.51188643150958
1.58489319246111
10
6.30957344480193
2.51188643150958
0.251188643150958
39.8107170553498
0.398107170553497
3.98107170553497
0.630957344480193
100
2.51188643150958
0.630957344480193
0.158489319246111
3.98107170553497
63.0957344480193
63.0957344480193
0.630957344480193
6.30957344480193
3.98107170553497
1.58489319246111
15.8489319246111
0.630957344480193
3.98107170553497
0.398107170553497
39.8107170553498
0.630957344480193
0.630957344480193
