2.51188643150958
1
15.8489319246111
1.58489319246111
6.30957344480193
0.251188643150958
39.8107170553498
1
3.98107170553497
25.1188643150958
100
39.8107170553498
0.251188643150958
0.158489319246111
6.30957344480193
15.8489319246111
6.30957344480193
1.58489319246111
1
100
6.30957344480193
100
10
25.1188643150958
100
0.630957344480193
63.0957344480193
1.58489319246111
15.8489319246111
3.98107170553497
1.58489319246111
1.58489319246111
2.51188643150958
100
0.158489319246111
1.58489319246111
0.251188643150958
0.158489319246111
0.251188643150958
0.630957344480193
39.8107170553498
1
1.58489319246111
100
0.398107170553497
6.30957344480193
0.630957344480193
1.58489319246111
6.30957344480193
63.0957344480193
