0.398107170553497
0.630957344480193
1
1
0.630957344480193
0.398107170553497
0.398107170553497
0.251188643150958
1
1
0.158489319246111
0.398107170553497
0.251188643150958
0.398107170553497
0.630957344480193
0.251188643150958
1
0.398107170553497
0.398107170553497
0.251188643150958
0.251188643150958
0.630957344480193
0.251188643150958
0.158489319246111
0.630957344480193
0.158489319246111
1
0.251188643150958
1
0.251188643150958
0.251188643150958
0.398107170553497
0.251188643150958
0.398107170553497
0.398107170553497
0.158489319246111
0.158489319246111
1
0.158489319246111
1
0.158489319246111
0.251188643150958
1.58489319246111
3.98107170553497
3.98107170553497
6.30957344480193
2.51188643150958
63.0957344480193
39.8107170553497
15.8489319246111
