3.98107170553497
3.98107170553497
3.98107170553497
3.98107170553497
3.98107170553497
3.98107170553497
3.98107170553497
3.98107170553497
3.98107170553497
3.98107170553497
3.98107170553497
3.98107170553497
3.98107170553497
3.98107170553497
3.98107170553497
3.98107170553497
3.98107170553497
3.98107170553497
3.98107170553497
3.98107170553497
3.98107170553497
3.98107170553497
3.98107170553497
3.98107170553497
3.98107170553497
3.98107170553497
3.98107170553497
3.98107170553497
3.98107170553497
3.98107170553497
3.98107170553497
3.98107170553497
3.98107170553497
3.98107170553497
3.98107170553497
3.98107170553497
3.98107170553497
3.98107170553497
3.98107170553497
3.98107170553497
3.98107170553497
3.98107170553497
3.98107170553497
3.98107170553497
3.98107170553497
3.98107170553497
3.98107170553497
3.98107170553497
3.98107170553497
3.98107170553497
