2.51188643150958
2.51188643150958
2.51188643150958
2.51188643150958
2.51188643150958
2.51188643150958
2.51188643150958
2.51188643150958
2.51188643150958
2.51188643150958
2.51188643150958
2.51188643150958
2.51188643150958
2.51188643150958
2.51188643150958
2.51188643150958
2.51188643150958
2.51188643150958
2.51188643150958
2.51188643150958
2.51188643150958
2.51188643150958
2.51188643150958
2.51188643150958
2.51188643150958
2.51188643150958
2.51188643150958
2.51188643150958
2.51188643150958
2.51188643150958
2.51188643150958
2.51188643150958
2.51188643150958
2.51188643150958
2.51188643150958
2.51188643150958
2.51188643150958
2.51188643150958
2.51188643150958
2.51188643150958
2.51188643150958
2.51188643150958
2.51188643150958
2.51188643150958
2.51188643150958
2.51188643150958
2.51188643150958
2.51188643150958
2.51188643150958
2.51188643150958
