0.398107170553497
0.630957344480193
0.251188643150958
0.398107170553497
0.251188643150958
0.398107170553497
0.398107170553497
0.158489319246111
1
0.630957344480193
0.630957344480193
1
0.398107170553497
0.251188643150958
0.630957344480193
1
0.251188643150958
0.398107170553497
0.398107170553497
0.158489319246111
0.398107170553497
0.251188643150958
0.398107170553497
0.398107170553497
0.158489319246111
0.251188643150958
0.251188643150958
0.251188643150958
0.630957344480193
0.158489319246111
1
1
0.398107170553497
0.398107170553497
1
0.158489319246111
0.630957344480193
0.251188643150958
1
0.630957344480193
1
0.158489319246111
2.51188643150958
3.98107170553497
1.58489319246111
1.58489319246111
3.98107170553497
25.1188643150958
63.0957344480193
100
