0.630957344480193
0.630957344480193
0.630957344480193
0.630957344480193
0.630957344480193
0.630957344480193
0.630957344480193
0.630957344480193
0.630957344480193
0.630957344480193
0.630957344480193
0.630957344480193
0.630957344480193
0.630957344480193
0.630957344480193
0.630957344480193
0.630957344480193
0.630957344480193
0.630957344480193
0.630957344480193
0.630957344480193
0.630957344480193
0.630957344480193
0.630957344480193
0.630957344480193
0.630957344480193
0.630957344480193
0.630957344480193
0.630957344480193
0.630957344480193
0.630957344480193
0.630957344480193
0.630957344480193
0.630957344480193
0.630957344480193
0.630957344480193
0.630957344480193
0.630957344480193
0.630957344480193
0.630957344480193
0.630957344480193
0.630957344480193
0.630957344480193
0.630957344480193
0.630957344480193
0.630957344480193
0.630957344480193
0.630957344480193
0.630957344480193
0.630957344480193
