63.0957344480193
63.0957344480193
63.0957344480193
63.0957344480193
63.0957344480193
63.0957344480193
63.0957344480193
63.0957344480193
63.0957344480193
63.0957344480193
63.0957344480193
63.0957344480193
63.0957344480193
63.0957344480193
63.0957344480193
63.0957344480193
63.0957344480193
63.0957344480193
63.0957344480193
63.0957344480193
63.0957344480193
63.0957344480193
63.0957344480193
63.0957344480193
63.0957344480193
63.0957344480193
63.0957344480193
63.0957344480193
63.0957344480193
63.0957344480193
63.0957344480193
63.0957344480193
63.0957344480193
63.0957344480193
63.0957344480193
63.0957344480193
63.0957344480193
63.0957344480193
63.0957344480193
63.0957344480193
63.0957344480193
63.0957344480193
63.0957344480193
63.0957344480193
63.0957344480193
63.0957344480193
63.0957344480193
63.0957344480193
63.0957344480193
63.0957344480193
