0.398107170553497
0.630957344480193
1
0.398107170553497
0.158489319246111
1
0.251188643150958
0.630957344480193
0.251188643150958
0.158489319246111
1
0.251188643150958
1
0.158489319246111
0.158489319246111
0.251188643150958
0.630957344480193
0.251188643150958
0.158489319246111
0.158489319246111
0.158489319246111
0.630957344480193
0.158489319246111
0.398107170553497
0.251188643150958
0.158489319246111
0.158489319246111
1
1
0.630957344480193
0.630957344480193
0.630957344480193
1
0.630957344480193
0.158489319246111
0.398107170553497
1
0.630957344480193
0.251188643150958
0.158489319246111
0.630957344480193
0.158489319246111
3.98107170553497
1.58489319246111
3.98107170553497
3.98107170553497
2.51188643150958
39.8107170553497
63.0957344480193
25.1188643150958
