25.1188643150958
1.58489319246111
0.158489319246111
10
15.8489319246111
0.630957344480193
15.8489319246111
6.30957344480193
2.51188643150958
3.98107170553497
63.0957344480193
1
39.8107170553498
0.251188643150958
15.8489319246111
39.8107170553498
63.0957344480193
1.58489319246111
6.30957344480193
3.98107170553497
25.1188643150958
10
0.630957344480193
39.8107170553498
39.8107170553498
63.0957344480193
1
2.51188643150958
39.8107170553498
0.158489319246111
3.98107170553497
3.98107170553497
10
6.30957344480193
3.98107170553497
0.251188643150958
39.8107170553498
1
6.30957344480193
2.51188643150958
2.51188643150958
10
39.8107170553498
25.1188643150958
10
3.98107170553497
100
1.58489319246111
2.51188643150958
10
