0.398107170553497
0.158489319246111
0.158489319246111
10
10
3.98107170553497
2.51188643150958
10
100
39.8107170553497
39.8107170553497
15.8489319246111
63.0957344480193
25.1188643150958
15.8489319246111
25.1188643150958
63.0957344480193
100
15.8489319246111
15.8489319246111
15.8489319246111
100
39.8107170553497
15.8489319246111
25.1188643150958
25.1188643150958
15.8489319246111
25.1188643150958
15.8489319246111
100
25.1188643150958
39.8107170553497
100
63.0957344480193
100
25.1188643150958
15.8489319246111
63.0957344480193
25.1188643150958
100
15.8489319246111
100
15.8489319246111
63.0957344480193
39.8107170553497
15.8489319246111
15.8489319246111
25.1188643150958
63.0957344480193
25.1188643150958
