6.30957344480193
6.30957344480193
6.30957344480193
6.30957344480193
6.30957344480193
6.30957344480193
6.30957344480193
6.30957344480193
6.30957344480193
6.30957344480193
6.30957344480193
6.30957344480193
6.30957344480193
6.30957344480193
6.30957344480193
6.30957344480193
6.30957344480193
6.30957344480193
6.30957344480193
6.30957344480193
6.30957344480193
6.30957344480193
6.30957344480193
6.30957344480193
6.30957344480193
6.30957344480193
6.30957344480193
6.30957344480193
6.30957344480193
6.30957344480193
6.30957344480193
6.30957344480193
6.30957344480193
6.30957344480193
6.30957344480193
6.30957344480193
6.30957344480193
6.30957344480193
6.30957344480193
6.30957344480193
6.30957344480193
6.30957344480193
6.30957344480193
6.30957344480193
6.30957344480193
6.30957344480193
6.30957344480193
6.30957344480193
6.30957344480193
6.30957344480193
