0.398107170553497
0.630957344480193
0.251188643150958
1
0.251188643150958
0.158489319246111
0.251188643150958
0.398107170553497
0.398107170553497
0.251188643150958
0.251188643150958
0.630957344480193
1
0.251188643150958
0.398107170553497
0.158489319246111
1
0.398107170553497
0.251188643150958
0.158489319246111
0.630957344480193
0.630957344480193
0.398107170553497
0.158489319246111
0.251188643150958
0.398107170553497
0.158489319246111
0.158489319246111
0.251188643150958
0.251188643150958
0.630957344480193
0.398107170553497
0.251188643150958
0.251188643150958
1
0.158489319246111
0.398107170553497
0.251188643150958
0.251188643150958
0.630957344480193
0.630957344480193
0.630957344480193
10
10
6.30957344480193
6.30957344480193
2.51188643150958
100
25.1188643150958
25.1188643150958
